Release 14.7 - xst P.20131013 (nt)
Copyright (c) 1995-2013 Xilinx, Inc.  All rights reserved.
--> Parameter TMPDIR set to xst/projnav.tmp


Total REAL time to Xst completion: 1.00 secs
Total CPU time to Xst completion: 0.25 secs
 
--> Parameter xsthdpdir set to xst


Total REAL time to Xst completion: 1.00 secs
Total CPU time to Xst completion: 0.27 secs
 
--> Reading design: pruebaUART.prj

TABLE OF CONTENTS
  1) Synthesis Options Summary
  2) HDL Compilation
  3) Design Hierarchy Analysis
  4) HDL Analysis
  5) HDL Synthesis
     5.1) HDL Synthesis Report
  6) Advanced HDL Synthesis
     6.1) Advanced HDL Synthesis Report
  7) Low Level Synthesis
  8) Partition Report
  9) Final Report
	9.1) Device utilization summary
	9.2) Partition Resource Summary
	9.3) TIMING REPORT


=========================================================================
*                      Synthesis Options Summary                        *
=========================================================================
---- Source Parameters
Input File Name                    : "pruebaUART.prj"
Input Format                       : mixed
Ignore Synthesis Constraint File   : NO

---- Target Parameters
Output File Name                   : "pruebaUART"
Output Format                      : NGC
Target Device                      : xc3s100e-4-cp132

---- Source Options
Top Module Name                    : pruebaUART
Automatic FSM Extraction           : YES
FSM Encoding Algorithm             : Auto
Safe Implementation                : No
FSM Style                          : LUT
RAM Extraction                     : Yes
RAM Style                          : Auto
ROM Extraction                     : Yes
Mux Style                          : Auto
Decoder Extraction                 : YES
Priority Encoder Extraction        : Yes
Shift Register Extraction          : YES
Logical Shifter Extraction         : YES
XOR Collapsing                     : YES
ROM Style                          : Auto
Mux Extraction                     : Yes
Resource Sharing                   : YES
Asynchronous To Synchronous        : NO
Multiplier Style                   : Auto
Automatic Register Balancing       : No

---- Target Options
Add IO Buffers                     : YES
Global Maximum Fanout              : 100000
Add Generic Clock Buffer(BUFG)     : 24
Register Duplication               : YES
Slice Packing                      : YES
Optimize Instantiated Primitives   : NO
Use Clock Enable                   : Yes
Use Synchronous Set                : Yes
Use Synchronous Reset              : Yes
Pack IO Registers into IOBs        : Auto
Equivalent register Removal        : YES

---- General Options
Optimization Goal                  : Speed
Optimization Effort                : 1
Keep Hierarchy                     : No
Netlist Hierarchy                  : As_Optimized
RTL Output                         : Yes
Global Optimization                : AllClockNets
Read Cores                         : YES
Write Timing Constraints           : NO
Cross Clock Analysis               : NO
Hierarchy Separator                : /
Bus Delimiter                      : <>
Case Specifier                     : Maintain
Slice Utilization Ratio            : 100
BRAM Utilization Ratio             : 100
Verilog 2001                       : YES
Auto BRAM Packing                  : NO
Slice Utilization Ratio Delta      : 5

=========================================================================


=========================================================================
*                          HDL Compilation                              *
=========================================================================
Compiling verilog file "../TP2-2019-UART/Tx.v" in library work
Compiling verilog file "../TP2-2019-UART/Rx.v" in library work
Module <Tx> compiled
Compiling verilog file "../TP2-2019-UART/FIFO.v" in library work
Module <Rx> compiled
Compiling verilog file "../TP2-2019-UART/BaudRateGen.v" in library work
Module <FIFO> compiled
Compiling verilog file "../TP2-2019-UART/UART.v" in library work
Module <BaudRateGen> compiled
Compiling verilog file "pruebaUART.v" in library work
Module <UART> compiled
Module <pruebaUART> compiled
No errors in compilation
Analysis of file <"pruebaUART.prj"> succeeded.
 

=========================================================================
*                     Design Hierarchy Analysis                         *
=========================================================================
Analyzing hierarchy for module <pruebaUART> in library <work>.

Analyzing hierarchy for module <UART> in library <work> with parameters.
	DVSR = "00000000000000000000000010100011"
	DVSR_BIT = "00000000000000000000000000001000"
	FIFO_W = "00000000000000000000000000000100"
	N_BIT = "00000000000000000000000000001000"
	N_TICK = "00000000000000000000000000010000"

Analyzing hierarchy for module <BaudRateGen> in library <work> with parameters.
	M = "00000000000000000000000010100011"
	N = "00000000000000000000000000001000"

Analyzing hierarchy for module <Rx> in library <work> with parameters.
	N_BIT = "00000000000000000000000000001000"
	N_TICK = "00000000000000000000000000010000"
	data = "10"
	idle = "00"
	start = "01"
	stop = "11"

Analyzing hierarchy for module <FIFO> in library <work> with parameters.
	B = "00000000000000000000000000001000"
	W = "00000000000000000000000000000100"

Analyzing hierarchy for module <Tx> in library <work> with parameters.
	N_BIT = "00000000000000000000000000001000"
	N_TICK = "00000000000000000000000000010000"
	data = "10"
	idle = "00"
	start = "01"
	stop = "11"


=========================================================================
*                            HDL Analysis                               *
=========================================================================
Analyzing top module <pruebaUART>.
WARNING:Xst:863 - "pruebaUART.v" line 26: Name conflict (<leds> and <LEDS>, renaming leds as leds_rnm0).
Module <pruebaUART> is correct for synthesis.
 
Analyzing module <UART> in library <work>.
WARNING:Xst:863 - "../TP2-2019-UART/UART.v" line 38: Name conflict (<TICK> and <tick>, renaming TICK as tick_rnm0).
	DVSR = 32'sb00000000000000000000000010100011
	DVSR_BIT = 32'sb00000000000000000000000000001000
	FIFO_W = 32'sb00000000000000000000000000000100
	N_BIT = 32'sb00000000000000000000000000001000
	N_TICK = 32'sb00000000000000000000000000010000
Module <UART> is correct for synthesis.
 
Analyzing module <BaudRateGen> in library <work>.
	M = 32'sb00000000000000000000000010100011
	N = 32'sb00000000000000000000000000001000
Module <BaudRateGen> is correct for synthesis.
 
Analyzing module <Rx> in library <work>.
WARNING:Xst:863 - "../TP2-2019-UART/Rx.v" line 31: Name conflict (<state> and <STATE>, renaming state as state_rnm0).
	N_BIT = 32'sb00000000000000000000000000001000
	N_TICK = 32'sb00000000000000000000000000010000
	data = 2'b10
	idle = 2'b00
	start = 2'b01
	stop = 2'b11
Module <Rx> is correct for synthesis.
 
Analyzing module <FIFO> in library <work>.
	B = 32'sb00000000000000000000000000001000
	W = 32'sb00000000000000000000000000000100
Module <FIFO> is correct for synthesis.
 
Analyzing module <Tx> in library <work>.
WARNING:Xst:863 - "../TP2-2019-UART/Tx.v" line 32: Name conflict (<state> and <STATE>, renaming state as state_rnm0).
	N_BIT = 32'sb00000000000000000000000000001000
	N_TICK = 32'sb00000000000000000000000000010000
	data = 2'b10
	idle = 2'b00
	start = 2'b01
	stop = 2'b11
Module <Tx> is correct for synthesis.
 

=========================================================================
*                           HDL Synthesis                               *
=========================================================================

Performing bidirectional port resolution...

Synthesizing Unit <BaudRateGen>.
    Related source file is "../TP2-2019-UART/BaudRateGen.v".
WARNING:Xst:2475 - Clock and clock enable of counter <contador> are driven by the same logic. The clock enable is removed.
WARNING:Xst:2110 - Clock of register <ti> seems to be also used in the data or control logic of that element.
    Found 8-bit up counter for signal <contador>.
    Found 1-bit register for signal <ti>.
    Summary:
	inferred   1 Counter(s).
	inferred   1 D-type flip-flop(s).
Unit <BaudRateGen> synthesized.


Synthesizing Unit <Rx>.
    Related source file is "../TP2-2019-UART/Rx.v".
    Found finite state machine <FSM_0> for signal <state_rnm0>.
    -----------------------------------------------------------------------
    | States             | 4                                              |
    | Transitions        | 12                                             |
    | Inputs             | 5                                              |
    | Outputs            | 4                                              |
    | Clock              | CLK                       (rising_edge)        |
    | Reset              | RESET                     (positive)           |
    | Reset type         | asynchronous                                   |
    | Reset State        | 00                                             |
    | Encoding           | automatic                                      |
    | Implementation     | LUT                                            |
    -----------------------------------------------------------------------
    Found 8-bit register for signal <b>.
    Found 3-bit register for signal <n>.
    Found 3-bit adder for signal <n_next$addsub0000> created at line 95.
    Found 4-bit register for signal <s>.
    Found 4-bit adder for signal <s_next$share0000> created at line 67.
    Summary:
	inferred   1 Finite State Machine(s).
	inferred  15 D-type flip-flop(s).
	inferred   2 Adder/Subtractor(s).
Unit <Rx> synthesized.


Synthesizing Unit <FIFO>.
    Related source file is "../TP2-2019-UART/FIFO.v".
WARNING:Xst:646 - Signal <w_ptr_succ> is assigned but never used. This unconnected signal will be trimmed during the optimization process.
WARNING:Xst:646 - Signal <r_ptr_succ> is assigned but never used. This unconnected signal will be trimmed during the optimization process.
    Found 16x8-bit dual-port RAM <Mram_cola_circular> for signal <cola_circular>.
    Found 1-bit 4-to-1 multiplexer for signal <empty_next>.
    Found 4-bit comparator equal for signal <empty_next$cmp_eq0000> created at line 83.
    Found 1-bit register for signal <empty_reg>.
    Found 1-bit 4-to-1 multiplexer for signal <full_next>.
    Found 4-bit comparator equal for signal <full_next$cmp_eq0000> created at line 92.
    Found 1-bit register for signal <full_reg>.
    Found 4-bit register for signal <r_ptr_reg>.
    Found 4-bit register for signal <w_ptr_reg>.
    Summary:
	inferred   1 RAM(s).
	inferred  10 D-type flip-flop(s).
	inferred   2 Adder/Subtractor(s).
	inferred   2 Comparator(s).
	inferred   2 Multiplexer(s).
Unit <FIFO> synthesized.


Synthesizing Unit <Tx>.
    Related source file is "../TP2-2019-UART/Tx.v".
    Found finite state machine <FSM_1> for signal <state_rnm0>.
    -----------------------------------------------------------------------
    | States             | 4                                              |
    | Transitions        | 12                                             |
    | Inputs             | 4                                              |
    | Outputs            | 4                                              |
    | Clock              | CLK                       (rising_edge)        |
    | Reset              | RESET                     (positive)           |
    | Reset type         | asynchronous                                   |
    | Reset State        | 00                                             |
    | Encoding           | automatic                                      |
    | Implementation     | LUT                                            |
    -----------------------------------------------------------------------
    Found 8-bit register for signal <b>.
    Found 3-bit register for signal <n>.
    Found 3-bit adder for signal <n_next$addsub0000> created at line 109.
    Found 4-bit register for signal <s>.
    Found 4-bit adder for signal <s_next$share0000> created at line 73.
    Found 1-bit register for signal <tx_reg>.
    Summary:
	inferred   1 Finite State Machine(s).
	inferred  16 D-type flip-flop(s).
	inferred   2 Adder/Subtractor(s).
Unit <Tx> synthesized.


Synthesizing Unit <UART>.
    Related source file is "../TP2-2019-UART/UART.v".
WARNING:Xst:1780 - Signal <tick> is never used or assigned. This unconnected signal will be trimmed during the optimization process.
Unit <UART> synthesized.


Synthesizing Unit <pruebaUART>.
    Related source file is "pruebaUART.v".
    Found 1-bit register for signal <flag>.
    Found 8-bit register for signal <leds_rnm0>.
    Found 8-bit register for signal <palabra>.
    Found 1-bit register for signal <WR_UART>.
    Summary:
	inferred  18 D-type flip-flop(s).
Unit <pruebaUART> synthesized.

INFO:Xst:1767 - HDL ADVISOR - Resource sharing has identified that some arithmetic operations in this design can share the same physical resources for reduced device utilization. For improved clock frequency you may try to disable resource sharing.

=========================================================================
HDL Synthesis Report

Macro Statistics
# RAMs                                                 : 2
 16x8-bit dual-port RAM                                : 2
# Adders/Subtractors                                   : 8
 3-bit adder                                           : 2
 4-bit adder                                           : 6
# Counters                                             : 1
 8-bit up counter                                      : 1
# Registers                                            : 20
 1-bit register                                        : 8
 3-bit register                                        : 2
 4-bit register                                        : 6
 8-bit register                                        : 4
# Comparators                                          : 4
 4-bit comparator equal                                : 4
# Multiplexers                                         : 4
 1-bit 4-to-1 multiplexer                              : 4

=========================================================================

=========================================================================
*                       Advanced HDL Synthesis                          *
=========================================================================

Analyzing FSM <FSM_1> for best encoding.
Optimizing FSM <uart/uart_tx/state_rnm0/FSM> on signal <state_rnm0[1:2]> with gray encoding.
-------------------
 State | Encoding
-------------------
 00    | 00
 01    | 01
 10    | 11
 11    | 10
-------------------
Analyzing FSM <FSM_0> for best encoding.
Optimizing FSM <uart/uart_rx/state_rnm0/FSM> on signal <state_rnm0[1:2]> with gray encoding.
-------------------
 State | Encoding
-------------------
 00    | 00
 01    | 01
 10    | 11
 11    | 10
-------------------

Synthesizing (advanced) Unit <FIFO>.
INFO:Xst:3217 - HDL ADVISOR - Register <b> currently described with an asynchronous reset, could be combined with distributed RAM <Mram_cola_circular> for implementation on block RAM resources if you made this reset synchronous instead.
    -----------------------------------------------------------------------
    | ram_type           | Distributed                         |          |
    -----------------------------------------------------------------------
    | Port A                                                              |
    |     aspect ratio   | 16-word x 8-bit                     |          |
    |     clkA           | connected to signal <CLK>           | rise     |
    |     weA            | connected to signal <wr_en>         | high     |
    |     addrA          | connected to signal <w_ptr_reg>     |          |
    |     diA            | connected to signal <w_data>        |          |
    -----------------------------------------------------------------------
    | Port B                                                              |
    |     aspect ratio   | 16-word x 8-bit                     |          |
    |     addrB          | connected to signal <r_ptr_reg>     |          |
    |     doB            | connected to signal <r_data>        |          |
    -----------------------------------------------------------------------
Unit <FIFO> synthesized (advanced).

=========================================================================
Advanced HDL Synthesis Report

Macro Statistics
# FSMs                                                 : 2
# RAMs                                                 : 2
 16x8-bit dual-port distributed RAM                    : 2
# Adders/Subtractors                                   : 8
 3-bit adder                                           : 2
 4-bit adder                                           : 6
# Counters                                             : 1
 8-bit up counter                                      : 1
# Registers                                            : 70
 Flip-Flops                                            : 70
# Comparators                                          : 4
 4-bit comparator equal                                : 4
# Multiplexers                                         : 4
 1-bit 4-to-1 multiplexer                              : 4

=========================================================================

=========================================================================
*                         Low Level Synthesis                           *
=========================================================================
INFO:Xst:2261 - The FF/Latch <palabra_1> in Unit <pruebaUART> is equivalent to the following FF/Latch, which will be removed : <leds_rnm0_1> 
INFO:Xst:2261 - The FF/Latch <palabra_2> in Unit <pruebaUART> is equivalent to the following FF/Latch, which will be removed : <leds_rnm0_2> 
INFO:Xst:2261 - The FF/Latch <palabra_3> in Unit <pruebaUART> is equivalent to the following FF/Latch, which will be removed : <leds_rnm0_3> 
INFO:Xst:2261 - The FF/Latch <palabra_4> in Unit <pruebaUART> is equivalent to the following FF/Latch, which will be removed : <leds_rnm0_4> 
INFO:Xst:2261 - The FF/Latch <palabra_5> in Unit <pruebaUART> is equivalent to the following FF/Latch, which will be removed : <leds_rnm0_5> 
INFO:Xst:2261 - The FF/Latch <palabra_6> in Unit <pruebaUART> is equivalent to the following FF/Latch, which will be removed : <leds_rnm0_6> 
INFO:Xst:2261 - The FF/Latch <palabra_7> in Unit <pruebaUART> is equivalent to the following FF/Latch, which will be removed : <leds_rnm0_7> 
INFO:Xst:2261 - The FF/Latch <palabra_0> in Unit <pruebaUART> is equivalent to the following FF/Latch, which will be removed : <leds_rnm0_0> 

Optimizing unit <pruebaUART> ...

Optimizing unit <Rx> ...

Optimizing unit <FIFO> ...

Optimizing unit <Tx> ...

Mapping all equations...
Building and optimizing final netlist ...
Found area constraint ratio of 100 (+ 5) on block pruebaUART, actual ratio is 11.
FlipFlop palabra_7 has been replicated 1 time(s) to handle iob=true attribute.
FlipFlop palabra_6 has been replicated 1 time(s) to handle iob=true attribute.
FlipFlop palabra_5 has been replicated 1 time(s) to handle iob=true attribute.
FlipFlop palabra_4 has been replicated 1 time(s) to handle iob=true attribute.
FlipFlop palabra_3 has been replicated 1 time(s) to handle iob=true attribute.
FlipFlop palabra_2 has been replicated 1 time(s) to handle iob=true attribute.
FlipFlop palabra_1 has been replicated 1 time(s) to handle iob=true attribute.
FlipFlop palabra_0 has been replicated 1 time(s) to handle iob=true attribute.

Final Macro Processing ...

=========================================================================
Final Register Report

Macro Statistics
# Registers                                            : 82
 Flip-Flops                                            : 82

=========================================================================

=========================================================================
*                           Partition Report                            *
=========================================================================

Partition Implementation Status
-------------------------------

  No Partitions were found in this design.

-------------------------------

=========================================================================
*                            Final Report                               *
=========================================================================
Final Results
RTL Top Level Output File Name     : pruebaUART.ngr
Top Level Output File Name         : pruebaUART
Output Format                      : NGC
Optimization Goal                  : Speed
Keep Hierarchy                     : No

Design Statistics
# IOs                              : 12

Cell Usage :
# BELS                             : 199
#      GND                         : 1
#      INV                         : 2
#      LUT1                        : 7
#      LUT2                        : 26
#      LUT2_D                      : 4
#      LUT2_L                      : 5
#      LUT3                        : 27
#      LUT3_L                      : 8
#      LUT4                        : 68
#      LUT4_D                      : 8
#      LUT4_L                      : 24
#      MUXCY                       : 7
#      MUXF5                       : 3
#      VCC                         : 1
#      XORCY                       : 8
# FlipFlops/Latches                : 82
#      FD_1                        : 16
#      FDC                         : 60
#      FDE                         : 2
#      FDP                         : 3
#      FDPE                        : 1
# RAMS                             : 16
#      RAM16X1D                    : 16
# Clock Buffers                    : 1
#      BUFG                        : 1
# IO Buffers                       : 12
#      IBUF                        : 3
#      OBUF                        : 9
=========================================================================

Device utilization summary:
---------------------------

Selected Device : 3s100ecp132-4 

 Number of Slices:                      109  out of    960    11%  
 Number of Slice Flip Flops:             74  out of   1920     3%  
 Number of 4 input LUTs:                211  out of   1920    10%  
    Number used as logic:               179
    Number used as RAMs:                 32
 Number of IOs:                          12
 Number of bonded IOBs:                  12  out of     83    14%  
    IOB Flip Flops:                       8
 Number of GCLKs:                         1  out of     24     4%  

---------------------------
Partition Resource Summary:
---------------------------

  No Partitions were found in this design.

---------------------------


=========================================================================
TIMING REPORT

NOTE: THESE TIMING NUMBERS ARE ONLY A SYNTHESIS ESTIMATE.
      FOR ACCURATE TIMING INFORMATION PLEASE REFER TO THE TRACE REPORT
      GENERATED AFTER PLACE-and-ROUTE.

Clock Information:
------------------
-----------------------------------+------------------------+-------+
Clock Signal                       | Clock buffer(FF name)  | Load  |
-----------------------------------+------------------------+-------+
uart/fifo_rx/empty_reg             | NONE(palabra_0)        | 16    |
CLK                                | IBUF+BUFG              | 82    |
-----------------------------------+------------------------+-------+
INFO:Xst:2169 - HDL ADVISOR - Some clock signals were not automatically buffered by XST with BUFG/BUFR resources. Please use the buffer_type constraint in order to insert these buffers to the clock signals to help prevent skew problems.

Asynchronous Control Signals Information:
----------------------------------------
-----------------------------------+------------------------+-------+
Control Signal                     | Buffer(FF name)        | Load  |
-----------------------------------+------------------------+-------+
RESET                              | IBUF                   | 64    |
-----------------------------------+------------------------+-------+

Timing Summary:
---------------
Speed Grade: -4

   Minimum period: 6.341ns (Maximum Frequency: 157.704MHz)
   Minimum input arrival time before clock: 4.249ns
   Maximum output required time after clock: 4.283ns
   Maximum combinational path delay: No path found

Timing Detail:
--------------
All values displayed in nanoseconds (ns)

=========================================================================
Timing constraint: Default period analysis for Clock 'CLK'
  Clock period: 6.341ns (frequency: 157.704MHz)
  Total number of paths / destination ports: 1184 / 218
-------------------------------------------------------------------------
Delay:               6.341ns (Levels of Logic = 4)
  Source:            uart/uart_tx/s_2 (FF)
  Destination:       uart/uart_tx/b_6 (FF)
  Source Clock:      CLK rising
  Destination Clock: CLK rising

  Data Path: uart/uart_tx/s_2 to uart/uart_tx/b_6
                                Gate     Net
    Cell:in->out      fanout   Delay   Delay  Logical Name (Net Name)
    ----------------------------------------  ------------
     FDC:C->Q              5   0.591   0.712  uart/uart_tx/s_2 (uart/uart_tx/s_2)
     LUT4:I1->O           13   0.704   0.983  uart/uart_tx/state_rnm0_cmp_eq00001 (uart/uart_tx/state_rnm0_cmp_eq0000)
     MUXF5:S->O            8   0.739   0.761  uart/uart_tx/b_next<0>11 (uart/uart_tx/N01)
     LUT4_L:I3->LO         1   0.704   0.135  uart/uart_tx/b_next<6>_SW0 (N17)
     LUT3:I2->O            1   0.704   0.000  uart/uart_tx/b_next<6> (uart/uart_tx/b_next<6>)
     FDC:D                     0.308          uart/uart_tx/b_6
    ----------------------------------------
    Total                      6.341ns (3.750ns logic, 2.591ns route)
                                       (59.1% logic, 40.9% route)

=========================================================================
Timing constraint: Default OFFSET IN BEFORE for Clock 'CLK'
  Total number of paths / destination ports: 9 / 8
-------------------------------------------------------------------------
Offset:              4.249ns (Levels of Logic = 2)
  Source:            RESET (PAD)
  Destination:       uart/brg/ti (FF)
  Destination Clock: CLK rising

  Data Path: RESET to uart/brg/ti
                                Gate     Net
    Cell:in->out      fanout   Delay   Delay  Logical Name (Net Name)
    ----------------------------------------  ------------
     IBUF:I->O            66   1.218   1.352  RESET_IBUF (RESET_IBUF)
     LUT2:I1->O            1   0.704   0.420  uart/brg/ti_and00001 (uart/brg/ti_and0000)
     FDE:CE                    0.555          uart/brg/ti
    ----------------------------------------
    Total                      4.249ns (2.477ns logic, 1.772ns route)
                                       (58.3% logic, 41.7% route)

=========================================================================
Timing constraint: Default OFFSET OUT AFTER for Clock 'CLK'
  Total number of paths / destination ports: 1 / 1
-------------------------------------------------------------------------
Offset:              4.283ns (Levels of Logic = 1)
  Source:            uart/uart_tx/tx_reg (FF)
  Destination:       TX (PAD)
  Source Clock:      CLK rising

  Data Path: uart/uart_tx/tx_reg to TX
                                Gate     Net
    Cell:in->out      fanout   Delay   Delay  Logical Name (Net Name)
    ----------------------------------------  ------------
     FDP:C->Q              1   0.591   0.420  uart/uart_tx/tx_reg (uart/uart_tx/tx_reg)
     OBUF:I->O                 3.272          TX_OBUF (TX)
    ----------------------------------------
    Total                      4.283ns (3.863ns logic, 0.420ns route)
                                       (90.2% logic, 9.8% route)

=========================================================================
Timing constraint: Default OFFSET OUT AFTER for Clock 'uart/fifo_rx/empty_reg'
  Total number of paths / destination ports: 8 / 8
-------------------------------------------------------------------------
Offset:              4.283ns (Levels of Logic = 1)
  Source:            palabra_7_1 (FF)
  Destination:       LEDS<7> (PAD)
  Source Clock:      uart/fifo_rx/empty_reg falling

  Data Path: palabra_7_1 to LEDS<7>
                                Gate     Net
    Cell:in->out      fanout   Delay   Delay  Logical Name (Net Name)
    ----------------------------------------  ------------
     FD_1:C->Q             1   0.591   0.420  palabra_7_1 (palabra_7_1)
     OBUF:I->O                 3.272          LEDS_7_OBUF (LEDS<7>)
    ----------------------------------------
    Total                      4.283ns (3.863ns logic, 0.420ns route)
                                       (90.2% logic, 9.8% route)

=========================================================================


Total REAL time to Xst completion: 17.00 secs
Total CPU time to Xst completion: 16.23 secs
 
--> 

Total memory usage is 213752 kilobytes

Number of errors   :    0 (   0 filtered)
Number of warnings :    9 (   0 filtered)
Number of infos    :   11 (   0 filtered)

