#-----------------------------------------------------------
# PlanAhead v14.7
# Build 321239 by xbuild on Fri Sep 27 19:31:35 MDT 2013
# Start of session at: Tue Nov 12 15:31:11 2019
# Process ID: 4004
# Log file: D:/workspace/ArquitecturaDeComputadoras/TP3_BIP/planAhead_run_1/planAhead.log
# Journal file: D:/workspace/ArquitecturaDeComputadoras/TP3_BIP/planAhead_run_1/planAhead.jou
#-----------------------------------------------------------
INFO: [Common 17-78] Attempting to get a license: PlanAhead
INFO: [Common 17-290] Got license for PlanAhead
INFO: [Device 21-36] Loading parts and site information from C:/Xilinx/14.7/ISE_DS/PlanAhead/data/parts/arch.xml
Parsing RTL primitives file [C:/Xilinx/14.7/ISE_DS/PlanAhead/data/parts/xilinx/rtl/prims/rtl_prims.xml]
Finished parsing RTL primitives file [C:/Xilinx/14.7/ISE_DS/PlanAhead/data/parts/xilinx/rtl/prims/rtl_prims.xml]
start_gui
source D:/workspace/ArquitecturaDeComputadoras/TP3_BIP/pa.fromHdl.tcl
# create_project -name TP3_BIP -dir "D:/workspace/ArquitecturaDeComputadoras/TP3_BIP/planAhead_run_1" -part xc3s100ecp132-4
create_project: Time (s): elapsed = 00:00:05 . Memory (MB): peak = 361.965 ; gain = 24.137
# set_param project.pinAheadLayout yes
# set srcset [get_property srcset [current_run -impl]]
# set_property target_constrs_file "BIP_I.ucf" [current_fileset -constrset]
Adding file 'D:/workspace/ArquitecturaDeComputadoras/TP3_BIP/BIP_I.ucf' to fileset 'constrs_1'
# set hdlfile [add_files [list {Mux2.v}]]
# set_property file_type Verilog $hdlfile
# set_property library work $hdlfile
# set hdlfile [add_files [list {Mux.v}]]
# set_property file_type Verilog $hdlfile
# set_property library work $hdlfile
# set hdlfile [add_files [list {InstructionDecoder.v}]]
# set_property file_type Verilog $hdlfile
# set_property library work $hdlfile
# set hdlfile [add_files [list {ALU.v}]]
# set_property file_type Verilog $hdlfile
# set_property library work $hdlfile
# set hdlfile [add_files [list {Tx.v}]]
# set_property file_type Verilog $hdlfile
# set_property library work $hdlfile
# set hdlfile [add_files [list {Rx.v}]]
# set_property file_type Verilog $hdlfile
# set_property library work $hdlfile
# set hdlfile [add_files [list {FIFO.v}]]
# set_property file_type Verilog $hdlfile
# set_property library work $hdlfile
# set hdlfile [add_files [list {DataPath.v}]]
# set_property file_type Verilog $hdlfile
# set_property library work $hdlfile
# set hdlfile [add_files [list {Control.v}]]
# set_property file_type Verilog $hdlfile
# set_property library work $hdlfile
# set hdlfile [add_files [list {BaudRateGen.v}]]
# set_property file_type Verilog $hdlfile
# set_property library work $hdlfile
# set hdlfile [add_files [list {UART.v}]]
# set_property file_type Verilog $hdlfile
# set_property library work $hdlfile
# set hdlfile [add_files [list {ProgramMemory.v}]]
# set_property file_type Verilog $hdlfile
# set_property library work $hdlfile
# set hdlfile [add_files [list {DataMemory.v}]]
# set_property file_type Verilog $hdlfile
# set_property library work $hdlfile
# set hdlfile [add_files [list {CPU.v}]]
# set_property file_type Verilog $hdlfile
# set_property library work $hdlfile
# set hdlfile [add_files [list {BIP_I.v}]]
# set_property file_type Verilog $hdlfile
# set_property library work $hdlfile
# set_property top BIP_I $srcset
# add_files [list {BIP_I.ucf}] -fileset [get_property constrset [current_run]]
# open_rtl_design -part xc3s100ecp132-4
Using Verific elaboration
Parsing VHDL file "C:/Xilinx/14.7/ISE_DS/PlanAhead/data/parts/xilinx/rtl/lib/synplify/synattr.vhd" into library synplify
Analyzing Verilog file "D:/workspace/ArquitecturaDeComputadoras/TP3_BIP/Mux2.v" into library work
Analyzing Verilog file "D:/workspace/ArquitecturaDeComputadoras/TP3_BIP/Mux.v" into library work
Analyzing Verilog file "D:/workspace/ArquitecturaDeComputadoras/TP3_BIP/InstructionDecoder.v" into library work
Analyzing Verilog file "D:/workspace/ArquitecturaDeComputadoras/TP3_BIP/ALU.v" into library work
Analyzing Verilog file "D:/workspace/ArquitecturaDeComputadoras/TP3_BIP/Tx.v" into library work
Analyzing Verilog file "D:/workspace/ArquitecturaDeComputadoras/TP3_BIP/Rx.v" into library work
Analyzing Verilog file "D:/workspace/ArquitecturaDeComputadoras/TP3_BIP/FIFO.v" into library work
Analyzing Verilog file "D:/workspace/ArquitecturaDeComputadoras/TP3_BIP/DataPath.v" into library work
Analyzing Verilog file "D:/workspace/ArquitecturaDeComputadoras/TP3_BIP/Control.v" into library work
Analyzing Verilog file "D:/workspace/ArquitecturaDeComputadoras/TP3_BIP/BaudRateGen.v" into library work
Analyzing Verilog file "D:/workspace/ArquitecturaDeComputadoras/TP3_BIP/UART.v" into library work
Analyzing Verilog file "D:/workspace/ArquitecturaDeComputadoras/TP3_BIP/ProgramMemory.v" into library work
Analyzing Verilog file "D:/workspace/ArquitecturaDeComputadoras/TP3_BIP/DataMemory.v" into library work
Analyzing Verilog file "D:/workspace/ArquitecturaDeComputadoras/TP3_BIP/CPU.v" into library work
Analyzing Verilog file "D:/workspace/ArquitecturaDeComputadoras/TP3_BIP/BIP_I.v" into library work
INFO: [Designutils 20-910] Reading macro library C:/Xilinx/14.7/ISE_DS/PlanAhead/data\./parts/xilinx/spartan3e/spartan3e/hd_int_macros.edn
Parsing EDIF File [C:/Xilinx/14.7/ISE_DS/PlanAhead/data\./parts/xilinx/spartan3e/spartan3e/hd_int_macros.edn]
Finished Parsing EDIF File [C:/Xilinx/14.7/ISE_DS/PlanAhead/data\./parts/xilinx/spartan3e/spartan3e/hd_int_macros.edn]
Loading clock regions from C:/Xilinx/14.7/ISE_DS/PlanAhead/data\parts/xilinx/spartan3e/spartan3e/xc3s100e/ClockRegion.xml
Loading clock buffers from C:/Xilinx/14.7/ISE_DS/PlanAhead/data\parts/xilinx/spartan3e/spartan3e/xc3s100e/ClockBuffers.xml
Loading package from C:/Xilinx/14.7/ISE_DS/PlanAhead/data\parts/xilinx/spartan3e/spartan3e/xc3s100e/cp132/Package.xml
Loading io standards from C:/Xilinx/14.7/ISE_DS/PlanAhead/data\./parts/xilinx/spartan3e/IOStandards.xml
INFO: [Device 21-19] Loading pkg sso from C:/Xilinx/14.7/ISE_DS/PlanAhead/data\parts/xilinx/spartan3e/spartan3e/xc3s100e/cp132/SSORules.xml
Loading list of drcs for the architecture : C:/Xilinx/14.7/ISE_DS/PlanAhead/data\./parts/xilinx/spartan3e/spartan3e/drc.xml
INFO: [Timing 38-77] Reading timing library C:/Xilinx/14.7/ISE_DS/PlanAhead/data\parts/xilinx/spartan3e/spartan3e/spartan3e-4.lib.
INFO: [Timing 38-34] Done reading timing library C:/Xilinx/14.7/ISE_DS/PlanAhead/data\parts/xilinx/spartan3e/spartan3e/spartan3e-4.lib.
Parsing UCF File [D:/workspace/ArquitecturaDeComputadoras/TP3_BIP/BIP_I.ucf]
Finished Parsing UCF File [D:/workspace/ArquitecturaDeComputadoras/TP3_BIP/BIP_I.ucf]
INFO: [Project 1-111] Unisim Transformation Summary:
No Unisim elements were transformed.

Phase 0 | Netlist Checksum: 1da15935
open_rtl_design: Time (s): elapsed = 00:00:14 . Memory (MB): peak = 431.746 ; gain = 58.375
update_compile_order -fileset sim_1
startgroup
set_property package_pin B8 [get_ports CLK]
endgroup
startgroup
set_property package_pin A7 [get_ports RESET]
endgroup
startgroup
set_property package_pin C5 [get_ports TX]
endgroup
save_constraints
