
****** PlanAhead v14.7
  **** Build 321239 by xbuild on Fri Sep 27 19:31:35 MDT 2013
    ** Copyright 1986-1999, 2001-2013 Xilinx, Inc. All Rights Reserved.

INFO: [Common 17-78] Attempting to get a license: PlanAhead
INFO: [Common 17-290] Got license for PlanAhead
INFO: [Device 21-36] Loading parts and site information from C:/Xilinx/14.7/ISE_DS/PlanAhead/data/parts/arch.xml
Parsing RTL primitives file [C:/Xilinx/14.7/ISE_DS/PlanAhead/data/parts/xilinx/rtl/prims/rtl_prims.xml]
Finished parsing RTL primitives file [C:/Xilinx/14.7/ISE_DS/PlanAhead/data/parts/xilinx/rtl/prims/rtl_prims.xml]
start_gui
source D:/workspace/ArquitecturaDeComputadoras/UartSinFifo/pa.fromHdl.tcl
# create_project -name UartSinFifo -dir "D:/workspace/ArquitecturaDeComputadoras/UartSinFifo/planAhead_run_2" -part xc3s100ecp132-4
# set_param project.pinAheadLayout yes
# set srcset [get_property srcset [current_run -impl]]
# set_property target_constrs_file "UART.ucf" [current_fileset -constrset]
Adding file 'D:/workspace/ArquitecturaDeComputadoras/UartSinFifo/UART.ucf' to fileset 'constrs_1'
# set hdlfile [add_files [list {Tx.v}]]
# set_property file_type Verilog $hdlfile
# set_property library work $hdlfile
# set hdlfile [add_files [list {Rx.v}]]
# set_property file_type Verilog $hdlfile
# set_property library work $hdlfile
# set hdlfile [add_files [list {BaudRateGen.v}]]
# set_property file_type Verilog $hdlfile
# set_property library work $hdlfile
# set hdlfile [add_files [list {UART.v}]]
# set_property file_type Verilog $hdlfile
# set_property library work $hdlfile
# set_property top UART $srcset
# add_files [list {UART.ucf}] -fileset [get_property constrset [current_run]]
# open_rtl_design -part xc3s100ecp132-4
Using Verific elaboration
Parsing VHDL file "C:/Xilinx/14.7/ISE_DS/PlanAhead/data/parts/xilinx/rtl/lib/synplify/synattr.vhd" into library synplify
Analyzing Verilog file "D:/workspace/ArquitecturaDeComputadoras/UartSinFifo/Tx.v" into library work
Analyzing Verilog file "D:/workspace/ArquitecturaDeComputadoras/UartSinFifo/Rx.v" into library work
Analyzing Verilog file "D:/workspace/ArquitecturaDeComputadoras/UartSinFifo/BaudRateGen.v" into library work
Analyzing Verilog file "D:/workspace/ArquitecturaDeComputadoras/UartSinFifo/UART.v" into library work
INFO: [Designutils 20-910] Reading macro library C:/Xilinx/14.7/ISE_DS/PlanAhead/data\./parts/xilinx/spartan3e/spartan3e/hd_int_macros.edn
Parsing EDIF File [C:/Xilinx/14.7/ISE_DS/PlanAhead/data\./parts/xilinx/spartan3e/spartan3e/hd_int_macros.edn]
Finished Parsing EDIF File [C:/Xilinx/14.7/ISE_DS/PlanAhead/data\./parts/xilinx/spartan3e/spartan3e/hd_int_macros.edn]
Loading clock regions from C:/Xilinx/14.7/ISE_DS/PlanAhead/data\parts/xilinx/spartan3e/spartan3e/xc3s100e/ClockRegion.xml
Loading clock buffers from C:/Xilinx/14.7/ISE_DS/PlanAhead/data\parts/xilinx/spartan3e/spartan3e/xc3s100e/ClockBuffers.xml
Loading package from C:/Xilinx/14.7/ISE_DS/PlanAhead/data\parts/xilinx/spartan3e/spartan3e/xc3s100e/cp132/Package.xml
Loading io standards from C:/Xilinx/14.7/ISE_DS/PlanAhead/data\./parts/xilinx/spartan3e/IOStandards.xml
INFO: [Device 21-19] Loading pkg sso from C:/Xilinx/14.7/ISE_DS/PlanAhead/data\parts/xilinx/spartan3e/spartan3e/xc3s100e/cp132/SSORules.xml
Loading list of drcs for the architecture : C:/Xilinx/14.7/ISE_DS/PlanAhead/data\./parts/xilinx/spartan3e/spartan3e/drc.xml
INFO: [Timing 38-77] Reading timing library C:/Xilinx/14.7/ISE_DS/PlanAhead/data\parts/xilinx/spartan3e/spartan3e/spartan3e-4.lib.
INFO: [Timing 38-34] Done reading timing library C:/Xilinx/14.7/ISE_DS/PlanAhead/data\parts/xilinx/spartan3e/spartan3e/spartan3e-4.lib.
Parsing UCF File [D:/workspace/ArquitecturaDeComputadoras/UartSinFifo/UART.ucf]
Finished Parsing UCF File [D:/workspace/ArquitecturaDeComputadoras/UartSinFifo/UART.ucf]
INFO: [Project 1-111] Unisim Transformation Summary:
No Unisim elements were transformed.

Phase 0 | Netlist Checksum: 3c1d5946
open_rtl_design: Time (s): elapsed = 00:00:18 . Memory (MB): peak = 434.055 ; gain = 51.180
update_compile_order -fileset sim_1
startgroup
set_property package_pin G1 [get_ports {DOUT[7]}]
endgroup
startgroup
set_property package_pin P4 [get_ports {DOUT[6]}]
endgroup
startgroup
set_property package_pin N4 [get_ports {DOUT[5]}]
endgroup
startgroup
set_property package_pin N5 [get_ports {DOUT[4]}]
endgroup
startgroup
set_property package_pin P6 [get_ports {DOUT[2]}]
endgroup
startgroup
set_property package_pin P7 [get_ports {DOUT[2]}]
endgroup
startgroup
set_property package_pin P6 [get_ports {DOUT[3]}]
endgroup
startgroup
set_property package_pin M11 [get_ports {DOUT[1]}]
endgroup
startgroup
set_property package_pin M5 [get_ports {DOUT[0]}]
endgroup
startgroup
set_property package_pin N3 [get_ports {SWITCH[7]}]
endgroup
startgroup
set_property package_pin E2 [get_ports {SWITCH[7]}]
endgroup
startgroup
set_property package_pin F3 [get_ports {SWITCH[6]}]
endgroup
startgroup
set_property package_pin G3 [get_ports {SWITCH[5]}]
endgroup
startgroup
set_property package_pin B4 [get_ports {SWITCH[4]}]
endgroup
startgroup
set_property package_pin K3 [get_ports {SWITCH[3]}]
endgroup
startgroup
set_property package_pin L3 [get_ports {SWITCH[2]}]
endgroup
startgroup
set_property package_pin P11 [get_ports {SWITCH[1]}]
endgroup
startgroup
set_property package_pin N3 [get_ports {SWITCH[7]}]
endgroup
startgroup
set_property package_pin E2 [get_ports {SWITCH[6]}]
endgroup
startgroup
set_property package_pin F3 [get_ports {SWITCH[5]}]
endgroup
startgroup
set_property package_pin G3 [get_ports {SWITCH[4]}]
endgroup
startgroup
set_property package_pin B4 [get_ports {SWITCH[3]}]
endgroup
startgroup
set_property package_pin K3 [get_ports {SWITCH[2]}]
endgroup
startgroup
set_property package_pin L3 [get_ports {SWITCH[1]}]
endgroup
startgroup
set_property package_pin P11 [get_ports {SWITCH[0]}]
endgroup
startgroup
set_property package_pin A7 [get_ports BOTON_START]
endgroup
startgroup
set_property package_pin B8 [get_ports CLK]
endgroup
startgroup
set_property package_pin G12 [get_ports RESET]
endgroup
startgroup
set_property package_pin B7 [get_ports rx]
endgroup
startgroup
set_property package_pin C5 [get_ports tx]
endgroup
save_constraints
exit
ERROR: [Common 17-39] 'stop_gui' failed due to earlier errors.
INFO: [Common 17-206] Exiting PlanAhead at Wed Oct 30 16:01:51 2019...
INFO: [Common 17-83] Releasing license: PlanAhead
