Running: C:\Xilinx\14.7\ISE_DS\ISE\bin\nt\unwrapped\fuse.exe -intstyle ise -incremental -lib unisims_ver -lib unimacro_ver -lib xilinxcorelib_ver -o D:/workspace/ArquitecturaDeComputadoras/Contador/test_isim_beh.exe -prj D:/workspace/ArquitecturaDeComputadoras/Contador/test_beh.prj work.test work.glbl 
ISim P.20131013 (signature 0x8ef4fb42)
Number of CPUs detected in this system: 2
Turning on mult-threading, number of parallel sub-compilation jobs: 4 
Determining compilation order of HDL files
Analyzing Verilog file "D:/workspace/ArquitecturaDeComputadoras/Contador/LED.v" into library work
Analyzing Verilog file "D:/workspace/ArquitecturaDeComputadoras/Contador/test.v" into library work
Analyzing Verilog file "C:/Xilinx/14.7/ISE_DS/ISE//verilog/src/glbl.v" into library work
Starting static elaboration
Completed static elaboration
Fuse Memory Usage: 116600 KB
Fuse CPU Usage: 249 ms
Compiling module LED
Compiling module test
Compiling module glbl
Time Resolution for simulation is 1ps.
Waiting for 1 sub-compilation(s) to finish...
Compiled 3 Verilog Units
Built simulation executable D:/workspace/ArquitecturaDeComputadoras/Contador/test_isim_beh.exe
Fuse Memory Usage: 121192 KB
Fuse CPU Usage: 249 ms
