ISim log file
Running: D:\workspace\ArquitecturaDeComputadoras\Contador\test_isim_beh.exe -intstyle ise -gui -tclbatch isim.cmd -wdb D:/workspace/ArquitecturaDeComputadoras/Contador/test_isim_beh.wdb 
ISim P.20131013 (signature 0x8ef4fb42)
WARNING: A WEBPACK license was found.
WARNING: Please use Xilinx License Configuration Manager to check out a full ISim license.
WARNING: ISim will run in Lite mode. Please refer to the ISim documentation for more information on the differences between the Lite and the Full version.
This is a Lite version of ISim.
Time resolution is 1 ps
# onerror resume
# wave add /
# run 1000 ns
Simulator is doing circuit initialization process.
Finished circuit initialization process.
# run 10.00s
Stopped at time : 1102438470 ns : File "//vboxsrv/win7VM/workspace/ArquitecturaDeComputadoras/Contador/LED.v" Line 30
# step
Stopped at time : 1102438470 ns : File "//vboxsrv/win7VM/workspace/ArquitecturaDeComputadoras/Contador/LED.v" Line 31
# step
Stopped at time : 1102438470 ns : File "//vboxsrv/win7VM/workspace/ArquitecturaDeComputadoras/Contador/LED.v" Line 36
# step
Stopped at time : 1102438470 ns : File "//vboxsrv/win7VM/workspace/ArquitecturaDeComputadoras/Contador/LED.v" Line 37
# step
Stopped at time : 1102438470 ns : File "//vboxsrv/win7VM/workspace/ArquitecturaDeComputadoras/Contador/LED.v" Line 29
# step
Stopped at time : 1102438480 ns : File "//vboxsrv/win7VM/workspace/ArquitecturaDeComputadoras/Contador/test.v" Line 52
# step
Stopped at time : 1102438480 ns : File "//vboxsrv/win7VM/workspace/ArquitecturaDeComputadoras/Contador/test.v" Line 50
# step
Stopped at time : 1102438480 ns : File "//vboxsrv/win7VM/workspace/ArquitecturaDeComputadoras/Contador/test.v" Line 51
# step
Stopped at time : 1102438490 ns : File "//vboxsrv/win7VM/workspace/ArquitecturaDeComputadoras/Contador/test.v" Line 52
# step
Stopped at time : 1102438490 ns : File "//vboxsrv/win7VM/workspace/ArquitecturaDeComputadoras/Contador/test.v" Line 50
# step
Stopped at time : 1102438490 ns : File "//vboxsrv/win7VM/workspace/ArquitecturaDeComputadoras/Contador/test.v" Line 51
# step
Stopped at time : 1102438490 ns : File "//vboxsrv/win7VM/workspace/ArquitecturaDeComputadoras/Contador/LED.v" Line 30
# step
Stopped at time : 1102438490 ns : File "//vboxsrv/win7VM/workspace/ArquitecturaDeComputadoras/Contador/LED.v" Line 31
# step
Stopped at time : 1102438490 ns : File "//vboxsrv/win7VM/workspace/ArquitecturaDeComputadoras/Contador/LED.v" Line 36
# step
Stopped at time : 1102438490 ns : File "//vboxsrv/win7VM/workspace/ArquitecturaDeComputadoras/Contador/LED.v" Line 37
# step
Stopped at time : 1102438490 ns : File "//vboxsrv/win7VM/workspace/ArquitecturaDeComputadoras/Contador/LED.v" Line 29
