Release 14.7 - xst P.20131013 (nt)
Copyright (c) 1995-2013 Xilinx, Inc.  All rights reserved.
--> Parameter TMPDIR set to xst/projnav.tmp


Total REAL time to Xst completion: 1.00 secs
Total CPU time to Xst completion: 0.19 secs
 
--> Parameter xsthdpdir set to xst


Total REAL time to Xst completion: 1.00 secs
Total CPU time to Xst completion: 0.19 secs
 
--> Reading design: LED.prj

TABLE OF CONTENTS
  1) Synthesis Options Summary
  2) HDL Compilation
  3) Design Hierarchy Analysis
  4) HDL Analysis
  5) HDL Synthesis
     5.1) HDL Synthesis Report
  6) Advanced HDL Synthesis
     6.1) Advanced HDL Synthesis Report
  7) Low Level Synthesis
  8) Partition Report
  9) Final Report
	9.1) Device utilization summary
	9.2) Partition Resource Summary
	9.3) TIMING REPORT


=========================================================================
*                      Synthesis Options Summary                        *
=========================================================================
---- Source Parameters
Input File Name                    : "LED.prj"
Input Format                       : mixed
Ignore Synthesis Constraint File   : NO

---- Target Parameters
Output File Name                   : "LED"
Output Format                      : NGC
Target Device                      : xc3s100e-4-cp132

---- Source Options
Top Module Name                    : LED
Automatic FSM Extraction           : YES
FSM Encoding Algorithm             : Auto
Safe Implementation                : No
FSM Style                          : LUT
RAM Extraction                     : Yes
RAM Style                          : Auto
ROM Extraction                     : Yes
Mux Style                          : Auto
Decoder Extraction                 : YES
Priority Encoder Extraction        : Yes
Shift Register Extraction          : YES
Logical Shifter Extraction         : YES
XOR Collapsing                     : YES
ROM Style                          : Auto
Mux Extraction                     : Yes
Resource Sharing                   : YES
Asynchronous To Synchronous        : NO
Multiplier Style                   : Auto
Automatic Register Balancing       : No

---- Target Options
Add IO Buffers                     : YES
Global Maximum Fanout              : 500
Add Generic Clock Buffer(BUFG)     : 24
Register Duplication               : YES
Slice Packing                      : YES
Optimize Instantiated Primitives   : NO
Use Clock Enable                   : Yes
Use Synchronous Set                : Yes
Use Synchronous Reset              : Yes
Pack IO Registers into IOBs        : Auto
Equivalent register Removal        : YES

---- General Options
Optimization Goal                  : Speed
Optimization Effort                : 1
Keep Hierarchy                     : No
Netlist Hierarchy                  : As_Optimized
RTL Output                         : Yes
Global Optimization                : AllClockNets
Read Cores                         : YES
Write Timing Constraints           : NO
Cross Clock Analysis               : NO
Hierarchy Separator                : /
Bus Delimiter                      : <>
Case Specifier                     : Maintain
Slice Utilization Ratio            : 100
BRAM Utilization Ratio             : 100
Verilog 2001                       : YES
Auto BRAM Packing                  : NO
Slice Utilization Ratio Delta      : 5

=========================================================================


=========================================================================
*                          HDL Compilation                              *
=========================================================================
Compiling verilog file "LED.v" in library work
Module <LED> compiled
No errors in compilation
Analysis of file <"LED.prj"> succeeded.
 

=========================================================================
*                     Design Hierarchy Analysis                         *
=========================================================================
Analyzing hierarchy for module <LED> in library <work>.


=========================================================================
*                            HDL Analysis                               *
=========================================================================
Analyzing top module <LED>.
Module <LED> is correct for synthesis.
 

=========================================================================
*                           HDL Synthesis                               *
=========================================================================

Performing bidirectional port resolution...

Synthesizing Unit <LED>.
    Related source file is "LED.v".
WARNING:Xst:653 - Signal <limite> is used but never assigned. This sourceless signal will be automatically connected to value 00000010111110101111000010000000.
    Found 32-bit up counter for signal <cuenta>.
    Found 32-bit up counter for signal <luz>.
    Summary:
	inferred   2 Counter(s).
Unit <LED> synthesized.


=========================================================================
HDL Synthesis Report

Macro Statistics
# Counters                                             : 2
 32-bit up counter                                     : 2

=========================================================================

=========================================================================
*                       Advanced HDL Synthesis                          *
=========================================================================


=========================================================================
Advanced HDL Synthesis Report

Macro Statistics
# Counters                                             : 2
 32-bit up counter                                     : 2

=========================================================================

=========================================================================
*                         Low Level Synthesis                           *
=========================================================================
WARNING:Xst:2677 - Node <luz_8> of sequential type is unconnected in block <LED>.
WARNING:Xst:2677 - Node <luz_9> of sequential type is unconnected in block <LED>.
WARNING:Xst:2677 - Node <luz_10> of sequential type is unconnected in block <LED>.
WARNING:Xst:2677 - Node <luz_11> of sequential type is unconnected in block <LED>.
WARNING:Xst:2677 - Node <luz_12> of sequential type is unconnected in block <LED>.
WARNING:Xst:2677 - Node <luz_13> of sequential type is unconnected in block <LED>.
WARNING:Xst:2677 - Node <luz_14> of sequential type is unconnected in block <LED>.
WARNING:Xst:2677 - Node <luz_15> of sequential type is unconnected in block <LED>.
WARNING:Xst:2677 - Node <luz_16> of sequential type is unconnected in block <LED>.
WARNING:Xst:2677 - Node <luz_17> of sequential type is unconnected in block <LED>.
WARNING:Xst:2677 - Node <luz_18> of sequential type is unconnected in block <LED>.
WARNING:Xst:2677 - Node <luz_19> of sequential type is unconnected in block <LED>.
WARNING:Xst:2677 - Node <luz_20> of sequential type is unconnected in block <LED>.
WARNING:Xst:2677 - Node <luz_21> of sequential type is unconnected in block <LED>.
WARNING:Xst:2677 - Node <luz_22> of sequential type is unconnected in block <LED>.
WARNING:Xst:2677 - Node <luz_23> of sequential type is unconnected in block <LED>.
WARNING:Xst:2677 - Node <luz_24> of sequential type is unconnected in block <LED>.
WARNING:Xst:2677 - Node <luz_25> of sequential type is unconnected in block <LED>.
WARNING:Xst:2677 - Node <luz_26> of sequential type is unconnected in block <LED>.
WARNING:Xst:2677 - Node <luz_27> of sequential type is unconnected in block <LED>.
WARNING:Xst:2677 - Node <luz_28> of sequential type is unconnected in block <LED>.
WARNING:Xst:2677 - Node <luz_29> of sequential type is unconnected in block <LED>.
WARNING:Xst:2677 - Node <luz_30> of sequential type is unconnected in block <LED>.
WARNING:Xst:2677 - Node <luz_31> of sequential type is unconnected in block <LED>.

Optimizing unit <LED> ...

Mapping all equations...
Building and optimizing final netlist ...
Found area constraint ratio of 100 (+ 5) on block LED, actual ratio is 2.

Final Macro Processing ...

=========================================================================
Final Register Report

Macro Statistics
# Registers                                            : 40
 Flip-Flops                                            : 40

=========================================================================

=========================================================================
*                           Partition Report                            *
=========================================================================

Partition Implementation Status
-------------------------------

  No Partitions were found in this design.

-------------------------------

=========================================================================
*                            Final Report                               *
=========================================================================
Final Results
RTL Top Level Output File Name     : LED.ngr
Top Level Output File Name         : LED
Output Format                      : NGC
Optimization Goal                  : Speed
Keep Hierarchy                     : No

Design Statistics
# IOs                              : 9

Cell Usage :
# BELS                             : 136
#      GND                         : 1
#      INV                         : 2
#      LUT1                        : 38
#      LUT4                        : 8
#      MUXCY                       : 46
#      VCC                         : 1
#      XORCY                       : 40
# FlipFlops/Latches                : 40
#      FDE                         : 8
#      FDR                         : 32
# Clock Buffers                    : 1
#      BUFGP                       : 1
# IO Buffers                       : 8
#      OBUF                        : 8
=========================================================================

Device utilization summary:
---------------------------

Selected Device : 3s100ecp132-4 

 Number of Slices:                       25  out of    960     2%  
 Number of Slice Flip Flops:             40  out of   1920     2%  
 Number of 4 input LUTs:                 48  out of   1920     2%  
 Number of IOs:                           9
 Number of bonded IOBs:                   9  out of     83    10%  
 Number of GCLKs:                         1  out of     24     4%  

---------------------------
Partition Resource Summary:
---------------------------

  No Partitions were found in this design.

---------------------------


=========================================================================
TIMING REPORT

NOTE: THESE TIMING NUMBERS ARE ONLY A SYNTHESIS ESTIMATE.
      FOR ACCURATE TIMING INFORMATION PLEASE REFER TO THE TRACE REPORT
      GENERATED AFTER PLACE-and-ROUTE.

Clock Information:
------------------
-----------------------------------+------------------------+-------+
Clock Signal                       | Clock buffer(FF name)  | Load  |
-----------------------------------+------------------------+-------+
CLK                                | BUFGP                  | 40    |
-----------------------------------+------------------------+-------+

Asynchronous Control Signals Information:
----------------------------------------
No asynchronous control signals found in this design

Timing Summary:
---------------
Speed Grade: -4

   Minimum period: 5.242ns (Maximum Frequency: 190.776MHz)
   Minimum input arrival time before clock: No path found
   Maximum output required time after clock: 4.310ns
   Maximum combinational path delay: No path found

Timing Detail:
--------------
All values displayed in nanoseconds (ns)

=========================================================================
Timing constraint: Default period analysis for Clock 'CLK'
  Clock period: 5.242ns (frequency: 190.776MHz)
  Total number of paths / destination ports: 1844 / 80
-------------------------------------------------------------------------
Delay:               5.242ns (Levels of Logic = 9)
  Source:            cuenta_8 (FF)
  Destination:       cuenta_0 (FF)
  Source Clock:      CLK rising
  Destination Clock: CLK rising

  Data Path: cuenta_8 to cuenta_0
                                Gate     Net
    Cell:in->out      fanout   Delay   Delay  Logical Name (Net Name)
    ----------------------------------------  ------------
     FDR:C->Q              2   0.591   0.622  cuenta_8 (cuenta_8)
     LUT4:I0->O            1   0.704   0.000  luz_cmp_eq0000_wg_lut<0> (luz_cmp_eq0000_wg_lut<0>)
     MUXCY:S->O            1   0.464   0.000  luz_cmp_eq0000_wg_cy<0> (luz_cmp_eq0000_wg_cy<0>)
     MUXCY:CI->O           1   0.059   0.000  luz_cmp_eq0000_wg_cy<1> (luz_cmp_eq0000_wg_cy<1>)
     MUXCY:CI->O           1   0.059   0.000  luz_cmp_eq0000_wg_cy<2> (luz_cmp_eq0000_wg_cy<2>)
     MUXCY:CI->O           1   0.059   0.000  luz_cmp_eq0000_wg_cy<3> (luz_cmp_eq0000_wg_cy<3>)
     MUXCY:CI->O           1   0.059   0.000  luz_cmp_eq0000_wg_cy<4> (luz_cmp_eq0000_wg_cy<4>)
     MUXCY:CI->O           1   0.059   0.000  luz_cmp_eq0000_wg_cy<5> (luz_cmp_eq0000_wg_cy<5>)
     MUXCY:CI->O           1   0.059   0.000  luz_cmp_eq0000_wg_cy<6> (luz_cmp_eq0000_wg_cy<6>)
     MUXCY:CI->O          40   0.331   1.265  luz_cmp_eq0000_wg_cy<7> (luz_cmp_eq0000)
     FDR:R                     0.911          cuenta_0
    ----------------------------------------
    Total                      5.242ns (3.355ns logic, 1.887ns route)
                                       (64.0% logic, 36.0% route)

=========================================================================
Timing constraint: Default OFFSET OUT AFTER for Clock 'CLK'
  Total number of paths / destination ports: 8 / 8
-------------------------------------------------------------------------
Offset:              4.310ns (Levels of Logic = 1)
  Source:            luz_7 (FF)
  Destination:       LEDS<7> (PAD)
  Source Clock:      CLK rising

  Data Path: luz_7 to LEDS<7>
                                Gate     Net
    Cell:in->out      fanout   Delay   Delay  Logical Name (Net Name)
    ----------------------------------------  ------------
     FDE:C->Q              2   0.591   0.447  luz_7 (luz_7)
     OBUF:I->O                 3.272          LEDS_7_OBUF (LEDS<7>)
    ----------------------------------------
    Total                      4.310ns (3.863ns logic, 0.447ns route)
                                       (89.6% logic, 10.4% route)

=========================================================================


Total REAL time to Xst completion: 8.00 secs
Total CPU time to Xst completion: 7.50 secs
 
--> 

Total memory usage is 200120 kilobytes

Number of errors   :    0 (   0 filtered)
Number of warnings :   25 (   0 filtered)
Number of infos    :    0 (   0 filtered)

