
****** PlanAhead v14.7
  **** Build 321239 by xbuild on Fri Sep 27 19:31:35 MDT 2013
    ** Copyright 1986-1999, 2001-2013 Xilinx, Inc. All Rights Reserved.

INFO: [Common 17-78] Attempting to get a license: PlanAhead
INFO: [Common 17-290] Got license for PlanAhead
INFO: [Device 21-36] Loading parts and site information from C:/Xilinx/14.7/ISE_DS/PlanAhead/data/parts/arch.xml
Parsing RTL primitives file [C:/Xilinx/14.7/ISE_DS/PlanAhead/data/parts/xilinx/rtl/prims/rtl_prims.xml]
Finished parsing RTL primitives file [C:/Xilinx/14.7/ISE_DS/PlanAhead/data/parts/xilinx/rtl/prims/rtl_prims.xml]
start_gui
source D:/workspace/ArquitecturaDeComputadoras/PruebaUART/pa.fromHdl.tcl
# create_project -name PruebaUART -dir "D:/workspace/ArquitecturaDeComputadoras/PruebaUART/planAhead_run_1" -part xc3s100ecp132-4
create_project: Time (s): elapsed = 00:00:06 . Memory (MB): peak = 380.168 ; gain = 41.059
# set_param project.pinAheadLayout yes
# set srcset [get_property srcset [current_run -impl]]
# set_property target_constrs_file "pruebaUART.ucf" [current_fileset -constrset]
Adding file 'D:/workspace/ArquitecturaDeComputadoras/PruebaUART/pruebaUART.ucf' to fileset 'constrs_1'
# set hdlfile [add_files [list {../TP2-2019-UART/Tx.v}]]
# set_property file_type Verilog $hdlfile
# set_property library work $hdlfile
# set hdlfile [add_files [list {../TP2-2019-UART/Rx.v}]]
# set_property file_type Verilog $hdlfile
# set_property library work $hdlfile
# set hdlfile [add_files [list {../TP2-2019-UART/FIFO.v}]]
# set_property file_type Verilog $hdlfile
# set_property library work $hdlfile
# set hdlfile [add_files [list {../TP2-2019-UART/BaudRateGen.v}]]
# set_property file_type Verilog $hdlfile
# set_property library work $hdlfile
# set hdlfile [add_files [list {../TP2-2019-UART/UART.v}]]
# set_property file_type Verilog $hdlfile
# set_property library work $hdlfile
# set hdlfile [add_files [list {pruebaUART.v}]]
# set_property file_type Verilog $hdlfile
# set_property library work $hdlfile
# set_property top pruebaUART $srcset
# add_files [list {pruebaUART.ucf}] -fileset [get_property constrset [current_run]]
# open_rtl_design -part xc3s100ecp132-4
Using Verific elaboration
Parsing VHDL file "C:/Xilinx/14.7/ISE_DS/PlanAhead/data/parts/xilinx/rtl/lib/synplify/synattr.vhd" into library synplify
Analyzing Verilog file "D:/workspace/ArquitecturaDeComputadoras/TP2-2019-UART/Tx.v" into library work
Analyzing Verilog file "D:/workspace/ArquitecturaDeComputadoras/TP2-2019-UART/Rx.v" into library work
Analyzing Verilog file "D:/workspace/ArquitecturaDeComputadoras/TP2-2019-UART/FIFO.v" into library work
Analyzing Verilog file "D:/workspace/ArquitecturaDeComputadoras/TP2-2019-UART/BaudRateGen.v" into library work
Analyzing Verilog file "D:/workspace/ArquitecturaDeComputadoras/TP2-2019-UART/UART.v" into library work
Analyzing Verilog file "D:/workspace/ArquitecturaDeComputadoras/PruebaUART/pruebaUART.v" into library work
INFO: [Designutils 20-910] Reading macro library C:/Xilinx/14.7/ISE_DS/PlanAhead/data\./parts/xilinx/spartan3e/spartan3e/hd_int_macros.edn
Parsing EDIF File [C:/Xilinx/14.7/ISE_DS/PlanAhead/data\./parts/xilinx/spartan3e/spartan3e/hd_int_macros.edn]
Finished Parsing EDIF File [C:/Xilinx/14.7/ISE_DS/PlanAhead/data\./parts/xilinx/spartan3e/spartan3e/hd_int_macros.edn]
Loading clock regions from C:/Xilinx/14.7/ISE_DS/PlanAhead/data\parts/xilinx/spartan3e/spartan3e/xc3s100e/ClockRegion.xml
Loading clock buffers from C:/Xilinx/14.7/ISE_DS/PlanAhead/data\parts/xilinx/spartan3e/spartan3e/xc3s100e/ClockBuffers.xml
Loading package from C:/Xilinx/14.7/ISE_DS/PlanAhead/data\parts/xilinx/spartan3e/spartan3e/xc3s100e/cp132/Package.xml
Loading io standards from C:/Xilinx/14.7/ISE_DS/PlanAhead/data\./parts/xilinx/spartan3e/IOStandards.xml
INFO: [Device 21-19] Loading pkg sso from C:/Xilinx/14.7/ISE_DS/PlanAhead/data\parts/xilinx/spartan3e/spartan3e/xc3s100e/cp132/SSORules.xml
Loading list of drcs for the architecture : C:/Xilinx/14.7/ISE_DS/PlanAhead/data\./parts/xilinx/spartan3e/spartan3e/drc.xml
INFO: [Timing 38-77] Reading timing library C:/Xilinx/14.7/ISE_DS/PlanAhead/data\parts/xilinx/spartan3e/spartan3e/spartan3e-4.lib.
INFO: [Timing 38-34] Done reading timing library C:/Xilinx/14.7/ISE_DS/PlanAhead/data\parts/xilinx/spartan3e/spartan3e/spartan3e-4.lib.
Parsing UCF File [D:/workspace/ArquitecturaDeComputadoras/PruebaUART/pruebaUART.ucf]
Finished Parsing UCF File [D:/workspace/ArquitecturaDeComputadoras/PruebaUART/pruebaUART.ucf]
INFO: [Project 1-111] Unisim Transformation Summary:
No Unisim elements were transformed.

Phase 0 | Netlist Checksum: 58e41aac
open_rtl_design: Time (s): elapsed = 00:00:18 . Memory (MB): peak = 448.938 ; gain = 65.992
update_compile_order -fileset sim_1
